<?xml version="1.0" encoding="UTF-8"?>
<!-- Generated by org.testng.reporters.JUnitXMLReporter -->
<testsuite ignored="0" hostname="RSI1593" failures="0" tests="2" name="Default test" time="42.931" errors="0" timestamp="2020-02-06T16:57:15 GMT-03:00">
  <testcase classname="br.comr.rsinet.hub_TDD.Test.Adv_PesquisarNaHome" name="FiltrarNaoExiste" time="13.226"/>
  <testcase classname="br.comr.rsinet.hub_TDD.Test.Adv_PesquisarNaHome" name="pesquisaTabletComSucesso" time="5.805"/>
</testsuite> <!-- Default test -->
