<?xml version="1.0" encoding="UTF-8"?>
<!-- Generated by org.testng.reporters.JUnitXMLReporter -->
<testsuite hostname="RSI1593" ignored="2" name="Tools Qa" tests="6" failures="0" timestamp="2020-02-12T20:48:43 GMT-03:00" time="178.089" errors="0">
  <testcase name="criaContaComSuceso" time="37.395" classname="br.comr.rsinet.hub_TDD.Test.Adv_CriaConta"/>
  <testcase name="falhaCriaConta" time="31.945" classname="br.comr.rsinet.hub_TDD.Test.Adv_CriaConta"/>
  <testcase name="FiltrarNaoExiste" time="17.855" classname="br.comr.rsinet.hub_TDD.Test.Adv_PesquisarNaHome"/>
  <testcase name="pesquisaTabletComSucesso" time="8.835" classname="br.comr.rsinet.hub_TDD.Test.Adv_PesquisarNaHome"/>
  <testcase name="pesquisaProdutoInexistenteLupa" time="4.198" classname="br.comr.rsinet.hub_TDD.Test.Adv_PesquisarNaLupa"/>
  <testcase name="pesquisaProdutoPelaLupa" time="10.974" classname="br.comr.rsinet.hub_TDD.Test.Adv_PesquisarNaLupa"/>
  <testcase name="@BeforeTest report" time="0.0" classname="br.com.rsinet.hub_TDD.Utils.Hooks">
    <ignored/>
  </testcase> <!-- @BeforeTest report -->
  <testcase name="@BeforeTest report" time="0.0" classname="br.com.rsinet.hub_TDD.Utils.Hooks">
    <ignored/>
  </testcase> <!-- @BeforeTest report -->
</testsuite> <!-- Tools Qa -->
