<?xml version="1.0" encoding="UTF-8"?>
<!-- Generated by org.testng.reporters.JUnitXMLReporter -->
<testsuite ignored="0" hostname="RSI1593" failures="0" tests="6" name="Tools Qa" time="149.882" errors="0" timestamp="2020-02-06T17:01:26 GMT-03:00">
  <testcase classname="br.comr.rsinet.hub_TDD.Test.Adv_CriaConta" name="criaContaComSuceso" time="34.221"/>
  <testcase classname="br.comr.rsinet.hub_TDD.Test.Adv_CriaConta" name="falhaCriaConta" time="12.306"/>
  <testcase classname="br.comr.rsinet.hub_TDD.Test.Adv_PesquisarNaHome" name="FiltrarNaoExiste" time="12.944"/>
  <testcase classname="br.comr.rsinet.hub_TDD.Test.Adv_PesquisarNaHome" name="pesquisaTabletComSucesso" time="5.938"/>
  <testcase classname="br.comr.rsinet.hub_TDD.Test.Adv_PesquisarNaLupa" name="pesquisaProdutoInexistenteLupa" time="4.579"/>
  <testcase classname="br.comr.rsinet.hub_TDD.Test.Adv_PesquisarNaLupa" name="pesquisaProdutoPelaLupa" time="10.539"/>
</testsuite> <!-- Tools Qa -->
